   0  $accept : programa $end

   1  programa : declaracao programa
   2           |

   3  declaracao : declara_variavel
   4             | declara_funcao

   5  declara_variavel : TK_IDENTIFIER ':' tipo_variavel inicializacao_variavel ';'
   6                   | TK_IDENTIFIER ':' tipo_variavel '[' LIT_INTEGER ']' inicializacao_vetor ';'

   7  inicializacao_variavel : LIT_INTEGER
   8                         | LIT_REAL
   9                         | LIT_CHAR

  10  inicializacao_vetor : inicializacao_variavel
  11                      | inicializacao_variavel inicializacao_vetor
  12                      |

  13  tipo_variavel : KW_BYTE
  14                | KW_SHORT
  15                | KW_LONG
  16                | KW_FLOAT
  17                | KW_DOUBLE

  18  declara_funcao : tipo_variavel TK_IDENTIFIER '(' lista_parametros ')' comando

  19  lista_parametros : parametro
  20                   | parametro ','
  21                   |

  22  parametro : tipo_variavel TK_IDENTIFIER

  23  bloco_comandos : '{' lista_comandos '}'

  24  lista_comandos : comando ';'
  25                 |

  26  comando : atribuicao
  27          | bloco_comandos
  28          | KW_READ TK_IDENTIFIER
  29          | KW_PRINT expressao lista_print
  30          | KW_RETURN expressao
  31          |

  32  lista_print : expressao lista_print
  33              |

  34  atribuicao : TK_IDENTIFIER '=' expressao
  35             | TK_IDENTIFIER '#' expressao '=' expressao

  36  operador_binario : '+'
  37                   | '-'
  38                   | '*'
  39                   | '/'
  40                   | '>'
  41                   | '<'
  42                   | OPERATOR_LE
  43                   | OPERATOR_GE
  44                   | OPERATOR_EQ
  45                   | OPERATOR_NE
  46                   | OPERATOR_AND
  47                   | OPERATOR_OR

  48  expressao : expressao operador_binario expressao
  49            | '!' expressao
  50            | TK_IDENTIFIER
  51            | TK_IDENTIFIER '[' LIT_INTEGER ']'
  52            | LIT_INTEGER
  53            | LIT_REAL
  54            | LIT_CHAR
  55            | LIT_INTEGER
  56            | LIT_STRING

state 0
	$accept : . programa $end  (0)
	programa : .  (2)

	KW_BYTE  shift 1
	KW_SHORT  shift 2
	KW_LONG  shift 3
	KW_FLOAT  shift 4
	KW_DOUBLE  shift 5
	TK_IDENTIFIER  shift 6
	$end  reduce 2

	programa  goto 7
	declaracao  goto 8
	declara_variavel  goto 9
	declara_funcao  goto 10
	tipo_variavel  goto 11


state 1
	tipo_variavel : KW_BYTE .  (13)

	.  reduce 13


state 2
	tipo_variavel : KW_SHORT .  (14)

	.  reduce 14


state 3
	tipo_variavel : KW_LONG .  (15)

	.  reduce 15


state 4
	tipo_variavel : KW_FLOAT .  (16)

	.  reduce 16


state 5
	tipo_variavel : KW_DOUBLE .  (17)

	.  reduce 17


state 6
	declara_variavel : TK_IDENTIFIER . ':' tipo_variavel inicializacao_variavel ';'  (5)
	declara_variavel : TK_IDENTIFIER . ':' tipo_variavel '[' LIT_INTEGER ']' inicializacao_vetor ';'  (6)

	':'  shift 12
	.  error


state 7
	$accept : programa . $end  (0)

	$end  accept


state 8
	programa : declaracao . programa  (1)
	programa : .  (2)

	KW_BYTE  shift 1
	KW_SHORT  shift 2
	KW_LONG  shift 3
	KW_FLOAT  shift 4
	KW_DOUBLE  shift 5
	TK_IDENTIFIER  shift 6
	$end  reduce 2

	programa  goto 13
	declaracao  goto 8
	declara_variavel  goto 9
	declara_funcao  goto 10
	tipo_variavel  goto 11


state 9
	declaracao : declara_variavel .  (3)

	.  reduce 3


state 10
	declaracao : declara_funcao .  (4)

	.  reduce 4


state 11
	declara_funcao : tipo_variavel . TK_IDENTIFIER '(' lista_parametros ')' comando  (18)

	TK_IDENTIFIER  shift 14
	.  error


state 12
	declara_variavel : TK_IDENTIFIER ':' . tipo_variavel inicializacao_variavel ';'  (5)
	declara_variavel : TK_IDENTIFIER ':' . tipo_variavel '[' LIT_INTEGER ']' inicializacao_vetor ';'  (6)

	KW_BYTE  shift 1
	KW_SHORT  shift 2
	KW_LONG  shift 3
	KW_FLOAT  shift 4
	KW_DOUBLE  shift 5
	.  error

	tipo_variavel  goto 15


state 13
	programa : declaracao programa .  (1)

	.  reduce 1


state 14
	declara_funcao : tipo_variavel TK_IDENTIFIER . '(' lista_parametros ')' comando  (18)

	'('  shift 16
	.  error


state 15
	declara_variavel : TK_IDENTIFIER ':' tipo_variavel . inicializacao_variavel ';'  (5)
	declara_variavel : TK_IDENTIFIER ':' tipo_variavel . '[' LIT_INTEGER ']' inicializacao_vetor ';'  (6)

	LIT_INTEGER  shift 17
	LIT_REAL  shift 18
	LIT_CHAR  shift 19
	'['  shift 20
	.  error

	inicializacao_variavel  goto 21


state 16
	declara_funcao : tipo_variavel TK_IDENTIFIER '(' . lista_parametros ')' comando  (18)
	lista_parametros : .  (21)

	KW_BYTE  shift 1
	KW_SHORT  shift 2
	KW_LONG  shift 3
	KW_FLOAT  shift 4
	KW_DOUBLE  shift 5
	')'  reduce 21

	tipo_variavel  goto 22
	lista_parametros  goto 23
	parametro  goto 24


state 17
	inicializacao_variavel : LIT_INTEGER .  (7)

	.  reduce 7


state 18
	inicializacao_variavel : LIT_REAL .  (8)

	.  reduce 8


state 19
	inicializacao_variavel : LIT_CHAR .  (9)

	.  reduce 9


state 20
	declara_variavel : TK_IDENTIFIER ':' tipo_variavel '[' . LIT_INTEGER ']' inicializacao_vetor ';'  (6)

	LIT_INTEGER  shift 25
	.  error


state 21
	declara_variavel : TK_IDENTIFIER ':' tipo_variavel inicializacao_variavel . ';'  (5)

	';'  shift 26
	.  error


state 22
	parametro : tipo_variavel . TK_IDENTIFIER  (22)

	TK_IDENTIFIER  shift 27
	.  error


state 23
	declara_funcao : tipo_variavel TK_IDENTIFIER '(' lista_parametros . ')' comando  (18)

	')'  shift 28
	.  error


state 24
	lista_parametros : parametro .  (19)
	lista_parametros : parametro . ','  (20)

	','  shift 29
	')'  reduce 19


state 25
	declara_variavel : TK_IDENTIFIER ':' tipo_variavel '[' LIT_INTEGER . ']' inicializacao_vetor ';'  (6)

	']'  shift 30
	.  error


state 26
	declara_variavel : TK_IDENTIFIER ':' tipo_variavel inicializacao_variavel ';' .  (5)

	.  reduce 5


state 27
	parametro : tipo_variavel TK_IDENTIFIER .  (22)

	.  reduce 22


28: shift/reduce conflict (shift 34, reduce 31) on TK_IDENTIFIER
state 28
	declara_funcao : tipo_variavel TK_IDENTIFIER '(' lista_parametros ')' . comando  (18)
	comando : .  (31)

	KW_READ  shift 31
	KW_RETURN  shift 32
	KW_PRINT  shift 33
	TK_IDENTIFIER  shift 34
	'{'  shift 35
	$end  reduce 31
	KW_BYTE  reduce 31
	KW_SHORT  reduce 31
	KW_LONG  reduce 31
	KW_FLOAT  reduce 31
	KW_DOUBLE  reduce 31

	comando  goto 36
	bloco_comandos  goto 37
	atribuicao  goto 38


state 29
	lista_parametros : parametro ',' .  (20)

	.  reduce 20


state 30
	declara_variavel : TK_IDENTIFIER ':' tipo_variavel '[' LIT_INTEGER ']' . inicializacao_vetor ';'  (6)
	inicializacao_vetor : .  (12)

	LIT_INTEGER  shift 17
	LIT_REAL  shift 18
	LIT_CHAR  shift 19
	';'  reduce 12

	inicializacao_variavel  goto 39
	inicializacao_vetor  goto 40


state 31
	comando : KW_READ . TK_IDENTIFIER  (28)

	TK_IDENTIFIER  shift 41
	.  error


state 32
	comando : KW_RETURN . expressao  (30)

	TK_IDENTIFIER  shift 42
	LIT_INTEGER  shift 43
	LIT_REAL  shift 44
	LIT_CHAR  shift 45
	LIT_STRING  shift 46
	'!'  shift 47
	.  error

	expressao  goto 48


state 33
	comando : KW_PRINT . expressao lista_print  (29)

	TK_IDENTIFIER  shift 42
	LIT_INTEGER  shift 43
	LIT_REAL  shift 44
	LIT_CHAR  shift 45
	LIT_STRING  shift 46
	'!'  shift 47
	.  error

	expressao  goto 49


state 34
	atribuicao : TK_IDENTIFIER . '=' expressao  (34)
	atribuicao : TK_IDENTIFIER . '#' expressao '=' expressao  (35)

	'='  shift 50
	'#'  shift 51
	.  error


state 35
	bloco_comandos : '{' . lista_comandos '}'  (23)
	lista_comandos : .  (25)
	comando : .  (31)

	KW_READ  shift 31
	KW_RETURN  shift 32
	KW_PRINT  shift 33
	TK_IDENTIFIER  shift 34
	'{'  shift 35
	';'  reduce 31
	'}'  reduce 25

	comando  goto 52
	bloco_comandos  goto 37
	lista_comandos  goto 53
	atribuicao  goto 38


state 36
	declara_funcao : tipo_variavel TK_IDENTIFIER '(' lista_parametros ')' comando .  (18)

	.  reduce 18


state 37
	comando : bloco_comandos .  (27)

	.  reduce 27


state 38
	comando : atribuicao .  (26)

	.  reduce 26


39: reduce/reduce conflict (reduce 10, reduce 12) on ';'
state 39
	inicializacao_vetor : inicializacao_variavel .  (10)
	inicializacao_vetor : inicializacao_variavel . inicializacao_vetor  (11)
	inicializacao_vetor : .  (12)

	LIT_INTEGER  shift 17
	LIT_REAL  shift 18
	LIT_CHAR  shift 19
	';'  reduce 10

	inicializacao_variavel  goto 39
	inicializacao_vetor  goto 54


state 40
	declara_variavel : TK_IDENTIFIER ':' tipo_variavel '[' LIT_INTEGER ']' inicializacao_vetor . ';'  (6)

	';'  shift 55
	.  error


state 41
	comando : KW_READ TK_IDENTIFIER .  (28)

	.  reduce 28


state 42
	expressao : TK_IDENTIFIER .  (50)
	expressao : TK_IDENTIFIER . '[' LIT_INTEGER ']'  (51)

	'['  shift 56
	$end  reduce 50
	KW_BYTE  reduce 50
	KW_SHORT  reduce 50
	KW_LONG  reduce 50
	KW_FLOAT  reduce 50
	KW_DOUBLE  reduce 50
	OPERATOR_LE  reduce 50
	OPERATOR_GE  reduce 50
	OPERATOR_EQ  reduce 50
	OPERATOR_NE  reduce 50
	OPERATOR_AND  reduce 50
	OPERATOR_OR  reduce 50
	TK_IDENTIFIER  reduce 50
	LIT_INTEGER  reduce 50
	LIT_REAL  reduce 50
	LIT_CHAR  reduce 50
	LIT_STRING  reduce 50
	'+'  reduce 50
	'-'  reduce 50
	'*'  reduce 50
	'/'  reduce 50
	';'  reduce 50
	'='  reduce 50
	'>'  reduce 50
	'<'  reduce 50
	'!'  reduce 50


43: reduce/reduce conflict (reduce 52, reduce 55) on $end
43: reduce/reduce conflict (reduce 52, reduce 55) on KW_BYTE
43: reduce/reduce conflict (reduce 52, reduce 55) on KW_SHORT
43: reduce/reduce conflict (reduce 52, reduce 55) on KW_LONG
43: reduce/reduce conflict (reduce 52, reduce 55) on KW_FLOAT
43: reduce/reduce conflict (reduce 52, reduce 55) on KW_DOUBLE
43: reduce/reduce conflict (reduce 52, reduce 55) on OPERATOR_LE
43: reduce/reduce conflict (reduce 52, reduce 55) on OPERATOR_GE
43: reduce/reduce conflict (reduce 52, reduce 55) on OPERATOR_EQ
43: reduce/reduce conflict (reduce 52, reduce 55) on OPERATOR_NE
43: reduce/reduce conflict (reduce 52, reduce 55) on OPERATOR_AND
43: reduce/reduce conflict (reduce 52, reduce 55) on OPERATOR_OR
43: reduce/reduce conflict (reduce 52, reduce 55) on TK_IDENTIFIER
43: reduce/reduce conflict (reduce 52, reduce 55) on LIT_INTEGER
43: reduce/reduce conflict (reduce 52, reduce 55) on LIT_REAL
43: reduce/reduce conflict (reduce 52, reduce 55) on LIT_CHAR
43: reduce/reduce conflict (reduce 52, reduce 55) on LIT_STRING
43: reduce/reduce conflict (reduce 52, reduce 55) on '+'
43: reduce/reduce conflict (reduce 52, reduce 55) on '-'
43: reduce/reduce conflict (reduce 52, reduce 55) on '*'
43: reduce/reduce conflict (reduce 52, reduce 55) on '/'
43: reduce/reduce conflict (reduce 52, reduce 55) on ';'
43: reduce/reduce conflict (reduce 52, reduce 55) on '='
43: reduce/reduce conflict (reduce 52, reduce 55) on '>'
43: reduce/reduce conflict (reduce 52, reduce 55) on '<'
43: reduce/reduce conflict (reduce 52, reduce 55) on '!'
state 43
	expressao : LIT_INTEGER .  (52)
	expressao : LIT_INTEGER .  (55)

	.  reduce 52


state 44
	expressao : LIT_REAL .  (53)

	.  reduce 53


state 45
	expressao : LIT_CHAR .  (54)

	.  reduce 54


state 46
	expressao : LIT_STRING .  (56)

	.  reduce 56


state 47
	expressao : '!' . expressao  (49)

	TK_IDENTIFIER  shift 42
	LIT_INTEGER  shift 43
	LIT_REAL  shift 44
	LIT_CHAR  shift 45
	LIT_STRING  shift 46
	'!'  shift 47
	.  error

	expressao  goto 57


state 48
	comando : KW_RETURN expressao .  (30)
	expressao : expressao . operador_binario expressao  (48)

	OPERATOR_LE  shift 58
	OPERATOR_GE  shift 59
	OPERATOR_EQ  shift 60
	OPERATOR_NE  shift 61
	OPERATOR_AND  shift 62
	OPERATOR_OR  shift 63
	'+'  shift 64
	'-'  shift 65
	'*'  shift 66
	'/'  shift 67
	'>'  shift 68
	'<'  shift 69
	$end  reduce 30
	KW_BYTE  reduce 30
	KW_SHORT  reduce 30
	KW_LONG  reduce 30
	KW_FLOAT  reduce 30
	KW_DOUBLE  reduce 30
	TK_IDENTIFIER  reduce 30
	';'  reduce 30

	operador_binario  goto 70


49: shift/reduce conflict (shift 42, reduce 33) on TK_IDENTIFIER
state 49
	comando : KW_PRINT expressao . lista_print  (29)
	expressao : expressao . operador_binario expressao  (48)
	lista_print : .  (33)

	OPERATOR_LE  shift 58
	OPERATOR_GE  shift 59
	OPERATOR_EQ  shift 60
	OPERATOR_NE  shift 61
	OPERATOR_AND  shift 62
	OPERATOR_OR  shift 63
	TK_IDENTIFIER  shift 42
	LIT_INTEGER  shift 43
	LIT_REAL  shift 44
	LIT_CHAR  shift 45
	LIT_STRING  shift 46
	'+'  shift 64
	'-'  shift 65
	'*'  shift 66
	'/'  shift 67
	'>'  shift 68
	'<'  shift 69
	'!'  shift 47
	$end  reduce 33
	KW_BYTE  reduce 33
	KW_SHORT  reduce 33
	KW_LONG  reduce 33
	KW_FLOAT  reduce 33
	KW_DOUBLE  reduce 33
	';'  reduce 33

	expressao  goto 71
	lista_print  goto 72
	operador_binario  goto 70


state 50
	atribuicao : TK_IDENTIFIER '=' . expressao  (34)

	TK_IDENTIFIER  shift 42
	LIT_INTEGER  shift 43
	LIT_REAL  shift 44
	LIT_CHAR  shift 45
	LIT_STRING  shift 46
	'!'  shift 47
	.  error

	expressao  goto 73


state 51
	atribuicao : TK_IDENTIFIER '#' . expressao '=' expressao  (35)

	TK_IDENTIFIER  shift 42
	LIT_INTEGER  shift 43
	LIT_REAL  shift 44
	LIT_CHAR  shift 45
	LIT_STRING  shift 46
	'!'  shift 47
	.  error

	expressao  goto 74


state 52
	lista_comandos : comando . ';'  (24)

	';'  shift 75
	.  error


state 53
	bloco_comandos : '{' lista_comandos . '}'  (23)

	'}'  shift 76
	.  error


state 54
	inicializacao_vetor : inicializacao_variavel inicializacao_vetor .  (11)

	.  reduce 11


state 55
	declara_variavel : TK_IDENTIFIER ':' tipo_variavel '[' LIT_INTEGER ']' inicializacao_vetor ';' .  (6)

	.  reduce 6


state 56
	expressao : TK_IDENTIFIER '[' . LIT_INTEGER ']'  (51)

	LIT_INTEGER  shift 77
	.  error


57: shift/reduce conflict (shift 58, reduce 49) on OPERATOR_LE
57: shift/reduce conflict (shift 59, reduce 49) on OPERATOR_GE
57: shift/reduce conflict (shift 60, reduce 49) on OPERATOR_EQ
57: shift/reduce conflict (shift 61, reduce 49) on OPERATOR_NE
57: shift/reduce conflict (shift 62, reduce 49) on OPERATOR_AND
57: shift/reduce conflict (shift 63, reduce 49) on OPERATOR_OR
57: shift/reduce conflict (shift 64, reduce 49) on '+'
57: shift/reduce conflict (shift 65, reduce 49) on '-'
57: shift/reduce conflict (shift 66, reduce 49) on '*'
57: shift/reduce conflict (shift 67, reduce 49) on '/'
57: shift/reduce conflict (shift 68, reduce 49) on '>'
57: shift/reduce conflict (shift 69, reduce 49) on '<'
state 57
	expressao : expressao . operador_binario expressao  (48)
	expressao : '!' expressao .  (49)

	OPERATOR_LE  shift 58
	OPERATOR_GE  shift 59
	OPERATOR_EQ  shift 60
	OPERATOR_NE  shift 61
	OPERATOR_AND  shift 62
	OPERATOR_OR  shift 63
	'+'  shift 64
	'-'  shift 65
	'*'  shift 66
	'/'  shift 67
	'>'  shift 68
	'<'  shift 69
	$end  reduce 49
	KW_BYTE  reduce 49
	KW_SHORT  reduce 49
	KW_LONG  reduce 49
	KW_FLOAT  reduce 49
	KW_DOUBLE  reduce 49
	TK_IDENTIFIER  reduce 49
	LIT_INTEGER  reduce 49
	LIT_REAL  reduce 49
	LIT_CHAR  reduce 49
	LIT_STRING  reduce 49
	';'  reduce 49
	'='  reduce 49
	'!'  reduce 49

	operador_binario  goto 70


state 58
	operador_binario : OPERATOR_LE .  (42)

	.  reduce 42


state 59
	operador_binario : OPERATOR_GE .  (43)

	.  reduce 43


state 60
	operador_binario : OPERATOR_EQ .  (44)

	.  reduce 44


state 61
	operador_binario : OPERATOR_NE .  (45)

	.  reduce 45


state 62
	operador_binario : OPERATOR_AND .  (46)

	.  reduce 46


state 63
	operador_binario : OPERATOR_OR .  (47)

	.  reduce 47


state 64
	operador_binario : '+' .  (36)

	.  reduce 36


state 65
	operador_binario : '-' .  (37)

	.  reduce 37


state 66
	operador_binario : '*' .  (38)

	.  reduce 38


state 67
	operador_binario : '/' .  (39)

	.  reduce 39


state 68
	operador_binario : '>' .  (40)

	.  reduce 40


state 69
	operador_binario : '<' .  (41)

	.  reduce 41


state 70
	expressao : expressao operador_binario . expressao  (48)

	TK_IDENTIFIER  shift 42
	LIT_INTEGER  shift 43
	LIT_REAL  shift 44
	LIT_CHAR  shift 45
	LIT_STRING  shift 46
	'!'  shift 47
	.  error

	expressao  goto 78


71: shift/reduce conflict (shift 42, reduce 33) on TK_IDENTIFIER
state 71
	lista_print : expressao . lista_print  (32)
	expressao : expressao . operador_binario expressao  (48)
	lista_print : .  (33)

	OPERATOR_LE  shift 58
	OPERATOR_GE  shift 59
	OPERATOR_EQ  shift 60
	OPERATOR_NE  shift 61
	OPERATOR_AND  shift 62
	OPERATOR_OR  shift 63
	TK_IDENTIFIER  shift 42
	LIT_INTEGER  shift 43
	LIT_REAL  shift 44
	LIT_CHAR  shift 45
	LIT_STRING  shift 46
	'+'  shift 64
	'-'  shift 65
	'*'  shift 66
	'/'  shift 67
	'>'  shift 68
	'<'  shift 69
	'!'  shift 47
	$end  reduce 33
	KW_BYTE  reduce 33
	KW_SHORT  reduce 33
	KW_LONG  reduce 33
	KW_FLOAT  reduce 33
	KW_DOUBLE  reduce 33
	';'  reduce 33

	expressao  goto 71
	lista_print  goto 79
	operador_binario  goto 70


state 72
	comando : KW_PRINT expressao lista_print .  (29)

	.  reduce 29


state 73
	atribuicao : TK_IDENTIFIER '=' expressao .  (34)
	expressao : expressao . operador_binario expressao  (48)

	OPERATOR_LE  shift 58
	OPERATOR_GE  shift 59
	OPERATOR_EQ  shift 60
	OPERATOR_NE  shift 61
	OPERATOR_AND  shift 62
	OPERATOR_OR  shift 63
	'+'  shift 64
	'-'  shift 65
	'*'  shift 66
	'/'  shift 67
	'>'  shift 68
	'<'  shift 69
	$end  reduce 34
	KW_BYTE  reduce 34
	KW_SHORT  reduce 34
	KW_LONG  reduce 34
	KW_FLOAT  reduce 34
	KW_DOUBLE  reduce 34
	TK_IDENTIFIER  reduce 34
	';'  reduce 34

	operador_binario  goto 70


state 74
	atribuicao : TK_IDENTIFIER '#' expressao . '=' expressao  (35)
	expressao : expressao . operador_binario expressao  (48)

	OPERATOR_LE  shift 58
	OPERATOR_GE  shift 59
	OPERATOR_EQ  shift 60
	OPERATOR_NE  shift 61
	OPERATOR_AND  shift 62
	OPERATOR_OR  shift 63
	'+'  shift 64
	'-'  shift 65
	'*'  shift 66
	'/'  shift 67
	'='  shift 80
	'>'  shift 68
	'<'  shift 69
	.  error

	operador_binario  goto 70


state 75
	lista_comandos : comando ';' .  (24)

	.  reduce 24


state 76
	bloco_comandos : '{' lista_comandos '}' .  (23)

	.  reduce 23


state 77
	expressao : TK_IDENTIFIER '[' LIT_INTEGER . ']'  (51)

	']'  shift 81
	.  error


78: shift/reduce conflict (shift 58, reduce 48) on OPERATOR_LE
78: shift/reduce conflict (shift 59, reduce 48) on OPERATOR_GE
78: shift/reduce conflict (shift 60, reduce 48) on OPERATOR_EQ
78: shift/reduce conflict (shift 61, reduce 48) on OPERATOR_NE
78: shift/reduce conflict (shift 62, reduce 48) on OPERATOR_AND
78: shift/reduce conflict (shift 63, reduce 48) on OPERATOR_OR
78: shift/reduce conflict (shift 64, reduce 48) on '+'
78: shift/reduce conflict (shift 65, reduce 48) on '-'
78: shift/reduce conflict (shift 66, reduce 48) on '*'
78: shift/reduce conflict (shift 67, reduce 48) on '/'
78: shift/reduce conflict (shift 68, reduce 48) on '>'
78: shift/reduce conflict (shift 69, reduce 48) on '<'
state 78
	expressao : expressao . operador_binario expressao  (48)
	expressao : expressao operador_binario expressao .  (48)

	OPERATOR_LE  shift 58
	OPERATOR_GE  shift 59
	OPERATOR_EQ  shift 60
	OPERATOR_NE  shift 61
	OPERATOR_AND  shift 62
	OPERATOR_OR  shift 63
	'+'  shift 64
	'-'  shift 65
	'*'  shift 66
	'/'  shift 67
	'>'  shift 68
	'<'  shift 69
	$end  reduce 48
	KW_BYTE  reduce 48
	KW_SHORT  reduce 48
	KW_LONG  reduce 48
	KW_FLOAT  reduce 48
	KW_DOUBLE  reduce 48
	TK_IDENTIFIER  reduce 48
	LIT_INTEGER  reduce 48
	LIT_REAL  reduce 48
	LIT_CHAR  reduce 48
	LIT_STRING  reduce 48
	';'  reduce 48
	'='  reduce 48
	'!'  reduce 48

	operador_binario  goto 70


state 79
	lista_print : expressao lista_print .  (32)

	.  reduce 32


state 80
	atribuicao : TK_IDENTIFIER '#' expressao '=' . expressao  (35)

	TK_IDENTIFIER  shift 42
	LIT_INTEGER  shift 43
	LIT_REAL  shift 44
	LIT_CHAR  shift 45
	LIT_STRING  shift 46
	'!'  shift 47
	.  error

	expressao  goto 82


state 81
	expressao : TK_IDENTIFIER '[' LIT_INTEGER ']' .  (51)

	.  reduce 51


state 82
	atribuicao : TK_IDENTIFIER '#' expressao '=' expressao .  (35)
	expressao : expressao . operador_binario expressao  (48)

	OPERATOR_LE  shift 58
	OPERATOR_GE  shift 59
	OPERATOR_EQ  shift 60
	OPERATOR_NE  shift 61
	OPERATOR_AND  shift 62
	OPERATOR_OR  shift 63
	'+'  shift 64
	'-'  shift 65
	'*'  shift 66
	'/'  shift 67
	'>'  shift 68
	'<'  shift 69
	$end  reduce 35
	KW_BYTE  reduce 35
	KW_SHORT  reduce 35
	KW_LONG  reduce 35
	KW_FLOAT  reduce 35
	KW_DOUBLE  reduce 35
	TK_IDENTIFIER  reduce 35
	';'  reduce 35

	operador_binario  goto 70


Rules never reduced:
	expressao : LIT_INTEGER  (55)


State 28 contains 1 shift/reduce conflict.
State 39 contains 1 reduce/reduce conflict.
State 43 contains 26 reduce/reduce conflicts.
State 49 contains 1 shift/reduce conflict.
State 57 contains 12 shift/reduce conflicts.
State 71 contains 1 shift/reduce conflict.
State 78 contains 12 shift/reduce conflicts.


46 terminals, 17 nonterminals
57 grammar rules, 83 states
